\BOOKMARK [0][-]{chapter.1}{\376\377\000T\000h\000e\000\040\000W\000y\000r\000d\000\040\000E\000n\000g\000i\000n\000e}{}% 1
\BOOKMARK [1][-]{section*.2}{\376\377\000T\000y\000p\000e\000s\000\040\000o\000f\000\040\000P\000l\000a\000y}{chapter.1}% 2
\BOOKMARK [1][-]{section*.12}{\376\377\000P\000h\000i\000l\000o\000s\000o\000p\000h\000y\000\040\000a\000n\000d\000\040\000D\000e\000s\000i\000g\000n\000\040\000G\000o\000a\000l\000s}{chapter.1}% 3
\BOOKMARK [1][-]{section*.17}{\376\377\000W\000h\000a\000t\000\040\000T\000h\000e\000\040\000W\000y\000r\000d\000\040\000E\000n\000g\000i\000n\000e\000\040\000I\000s\000\040\000N\000o\000t}{chapter.1}% 4
\BOOKMARK [-1][-]{part.1}{\376\377\000T\000h\000e\000\040\000W\000y\000r\000d\000\040\000E\000n\000g\000i\000n\000e}{}% 5
\BOOKMARK [0][-]{chapter.2}{\376\377\000C\000o\000r\000e\000\040\000M\000e\000c\000h\000a\000n\000i\000c\000s}{part.1}% 6
\BOOKMARK [1][-]{section*.18}{\376\377\000C\000o\000n\000f\000l\000i\000c\000t\000\040\000r\000e\000s\000o\000l\000u\000t\000i\000o\000n\000\040\000a\000t\000\040\000a\000\040\000g\000l\000a\000n\000c\000e}{chapter.2}% 7
\BOOKMARK [1][-]{section*.19}{\376\377\000F\000u\000d\000g\000e\000\040\000d\000i\000c\000e\000\040\000\050\0004\000d\000F\000\051}{chapter.2}% 8
\BOOKMARK [1][-]{section*.20}{\376\377\000S\000k\000i\000l\000l\000s}{chapter.2}% 9
\BOOKMARK [1][-]{section*.24}{\376\377\000T\000r\000a\000i\000t\000s}{chapter.2}% 10
\BOOKMARK [1][-]{section*.33}{\376\377\000G\000e\000a\000r}{chapter.2}% 11
\BOOKMARK [1][-]{section*.37}{\376\377\000D\000i\000f\000f\000i\000c\000u\000l\000t\000y\000\040\000L\000e\000v\000e\000l\000s}{chapter.2}% 12
\BOOKMARK [1][-]{section*.44}{\376\377\000B\000a\000s\000i\000c\000\040\000C\000o\000m\000b\000a\000t\000\040\000i\000n\000\040\000T\000h\000e\000\040\000W\000y\000r\000d\000\040\000E\000n\000g\000i\000n\000e}{chapter.2}% 13
\BOOKMARK [1][-]{section*.55}{\376\377\000C\000h\000a\000r\000a\000c\000t\000e\000r\000\040\000C\000r\000e\000a\000t\000i\000o\000n}{chapter.2}% 14
\BOOKMARK [1][-]{section*.65}{\376\377\000C\000r\000e\000a\000t\000i\000n\000g\000\040\000N\000o\000n\000-\000P\000l\000a\000y\000e\000r\000\040\000C\000h\000a\000r\000a\000c\000t\000e\000r\000s}{chapter.2}% 15
\BOOKMARK [0][-]{chapter.3}{\376\377\000A\000d\000a\000p\000t\000i\000n\000g\000\040\000T\000h\000e\000\040\000W\000y\000r\000d\000\040\000E\000n\000g\000i\000n\000e}{part.1}% 16
\BOOKMARK [0][-]{chapter.4}{\376\377\000C\000o\000m\000b\000a\000t}{part.1}% 17
\BOOKMARK [1][-]{section*.74}{\376\377\000D\000e\000a\000l\000i\000n\000g\000\040\000d\000a\000m\000a\000g\000e}{chapter.4}% 18
\BOOKMARK [1][-]{section*.75}{\376\377\000R\000e\000c\000o\000v\000e\000r\000y}{chapter.4}% 19
\BOOKMARK [0][-]{chapter.5}{\376\377\000M\000a\000g\000i\000c\000\040\000\046\000\040\000H\000i\000g\000h\000\040\000T\000e\000c\000h}{part.1}% 20
\BOOKMARK [-1][-]{part.2}{\376\377\000O\000n\000e\000-\000S\000h\000o\000t\000s}{}% 21
\BOOKMARK [-1][-]{part.3}{\376\377\000E\000p\000i\000s\000o\000d\000i\000c\000\040\000P\000l\000a\000y}{}% 22
\BOOKMARK [0][-]{chapter.6}{\376\377\000C\000r\000a\000f\000t\000i\000n\000g\000\040\000E\000p\000i\000s\000o\000d\000i\000c\000\040\000S\000e\000t\000t\000i\000n\000g\000s}{part.3}% 23
\BOOKMARK [0][-]{chapter.7}{\376\377\000T\000h\000e\000\040\000G\000r\000a\000n\000d\000\040\000C\000a\000s\000e\000b\000o\000o\000k}{part.3}% 24
\BOOKMARK [1][-]{section*.76}{\376\377\000T\000h\000e\000\040\000S\000e\000t\000t\000i\000n\000g}{chapter.7}% 25
\BOOKMARK [1][-]{section*.82}{\376\377\000A\000d\000v\000e\000n\000t\000u\000r\000e\000s}{chapter.7}% 26
\BOOKMARK [1][-]{section*.84}{\376\377\000M\000u\000r\000d\000e\000r\000\040\000a\000t\000\040\000t\000h\000e\000\040\000B\000r\000a\000s\000s\000\040\000O\000r\000c\000h\000i\000d}{chapter.7}% 27
\BOOKMARK [1][-]{section*.99}{\376\377\000T\000h\000e\000\040\000C\000l\000o\000c\000k\000m\000a\000k\000e\000r\040\031\000s\000\040\000D\000e\000c\000e\000p\000t\000i\000o\000n}{chapter.7}% 28
\BOOKMARK [1][-]{section*.104}{\376\377\000T\000h\000e\000\040\000S\000i\000l\000e\000n\000t\000\040\000C\000o\000u\000r\000i\000e\000r}{chapter.7}% 29
\BOOKMARK [-1][-]{part.4}{\376\377\000C\000a\000m\000p\000a\000i\000g\000n\000s}{}% 30
