\BOOKMARK [0][-]{chapter.1}{\376\377\000T\000h\000e\000\040\000W\000y\000r\000d\000\040\000E\000n\000g\000i\000n\000e}{}% 1
\BOOKMARK [1][-]{section*.2}{\376\377\000T\000y\000p\000e\000s\000\040\000o\000f\000\040\000P\000l\000a\000y}{chapter.1}% 2
\BOOKMARK [1][-]{section*.12}{\376\377\000D\000e\000s\000i\000g\000n\000\040\000G\000o\000a\000l\000s}{chapter.1}% 3
\BOOKMARK [1][-]{section*.17}{\376\377\000W\000h\000a\000t\000\040\000T\000h\000e\000\040\000W\000y\000r\000d\000\040\000E\000n\000g\000i\000n\000e\000\040\000I\000s\000\040\000N\000o\000t}{chapter.1}% 4
\BOOKMARK [-1][-]{part.1}{\376\377\000T\000h\000e\000\040\000W\000y\000r\000d\000\040\000E\000n\000g\000i\000n\000e\000\040\000M\000e\000c\000h\000a\000n\000i\000c\000s}{}% 5
\BOOKMARK [0][-]{chapter.2}{\376\377\000C\000o\000r\000e\000\040\000M\000e\000c\000h\000a\000n\000i\000c\000s}{part.1}% 6
\BOOKMARK [1][-]{section*.18}{\376\377\000C\000o\000n\000f\000l\000i\000c\000t\000\040\000r\000e\000s\000o\000l\000u\000t\000i\000o\000n\000\040\000a\000t\000\040\000a\000\040\000g\000l\000a\000n\000c\000e}{chapter.2}% 7
\BOOKMARK [1][-]{section*.19}{\376\377\000F\000u\000d\000g\000e\000\040\000d\000i\000c\000e\000\040\000\050\0004\000d\000F\000\051}{chapter.2}% 8
\BOOKMARK [1][-]{section*.20}{\376\377\000S\000k\000i\000l\000l\000s}{chapter.2}% 9
\BOOKMARK [1][-]{section*.22}{\376\377\000T\000r\000a\000i\000t\000s}{chapter.2}% 10
\BOOKMARK [1][-]{section*.27}{\376\377\000G\000e\000a\000r}{chapter.2}% 11
\BOOKMARK [1][-]{section*.30}{\376\377\000D\000i\000f\000f\000i\000c\000u\000l\000t\000y\000\040\000L\000e\000v\000e\000l\000s}{chapter.2}% 12
\BOOKMARK [1][-]{section*.38}{\376\377\000B\000a\000s\000i\000c\000\040\000C\000o\000m\000b\000a\000t\000\040\000i\000n\000\040\000T\000h\000e\000\040\000W\000y\000r\000d\000\040\000E\000n\000g\000i\000n\000e}{chapter.2}% 13
\BOOKMARK [0][-]{chapter.3}{\376\377\000T\000h\000e\000\040\000W\000y\000r\000d\000\040\000E\000n\000g\000i\000n\000e\000\040\000T\000o\000o\000l\000b\000o\000x}{part.1}% 16
\BOOKMARK [1][-]{section*.64}{\376\377\000T\000h\000e\000\040\000T\000o\000o\000l\000s\000\040\000i\000n\000\040\000t\000h\000e\000\040\000B\000o\000x}{chapter.3}% 17
\BOOKMARK [1][-]{section*.68}{\376\377\000B\000a\000l\000a\000n\000c\000i\000n\000g}{chapter.3}% 18
\BOOKMARK [1][-]{section*.72}{\376\377\000A\000d\000a\000p\000t\000i\000n\000g\000\040\000S\000k\000i\000l\000l\000s}{chapter.3}% 19
\BOOKMARK [1][-]{section*.75}{\376\377\000A\000d\000a\000p\000t\000i\000n\000g\000\040\000T\000r\000a\000i\000t\000s}{chapter.3}% 20
\BOOKMARK [1][-]{section*.76}{\376\377\000A\000d\000a\000p\000t\000i\000n\000g\000\040\000S\000t\000r\000e\000s\000s}{chapter.3}% 21
\BOOKMARK [0][-]{chapter.4}{\376\377\000C\000o\000m\000b\000a\000t}{part.1}% 22
\BOOKMARK [1][-]{section*.77}{\376\377\000D\000e\000a\000l\000i\000n\000g\000\040\000d\000a\000m\000a\000g\000e}{chapter.4}% 23
\BOOKMARK [1][-]{section*.78}{\376\377\000R\000e\000c\000o\000v\000e\000r\000y}{chapter.4}% 24
\BOOKMARK [0][-]{chapter.5}{\376\377\000M\000a\000g\000i\000c}{part.1}% 25
\BOOKMARK [1][-]{section*.79}{\376\377\000D\000e\000s\000i\000g\000n\000\040\000G\000o\000a\000l\000s\000\040\000f\000o\000r\000\040\000M\000a\000g\000i\000c\000\040\000S\000y\000s\000t\000e\000m\000s}{chapter.5}% 26
\BOOKMARK [1][-]{section*.82}{\376\377\000B\000u\000i\000l\000d\000i\000n\000g\000\040\000M\000a\000g\000i\000c\000\040\000w\000i\000t\000h\000\040\000C\000o\000r\000e\000\040\000M\000e\000c\000h\000a\000n\000i\000c\000s}{chapter.5}% 27
\BOOKMARK [1][-]{section*.83}{\376\377\000T\000h\000e\000\040\000G\000i\000f\000t\000\040\000o\000f\000\040\000T\000w\000i\000l\000i\000g\000h\000t}{chapter.5}% 28
\BOOKMARK [1][-]{section*.88}{\376\377\000T\000h\000e\000\040\000W\000a\000r\000d\000e\000n\040\031\000s\000\040\000P\000a\000t\000h}{chapter.5}% 29
\BOOKMARK [1][-]{section*.97}{\376\377\000C\000o\000d\000e\000x\000\040\000I\000n\000f\000i\000n\000i\000t\000u\000m}{chapter.5}% 30
\BOOKMARK [1][-]{section*.106}{\376\377\000T\000h\000e\000\040\000K\000n\000o\000w\000n\000\040\000a\000n\000d\000\040\000t\000h\000e\000\040\000N\000a\000m\000e\000d}{chapter.5}% 31
\BOOKMARK [0][-]{chapter.6}{\376\377\000R\000a\000c\000e\000s\000\040\000\046\000\040\000C\000r\000e\000a\000t\000u\000r\000e\000s}{part.1}% 32
\BOOKMARK [-1][-]{part.2}{\376\377\000O\000n\000e\000-\000S\000h\000o\000t\000s}{}% 33
\BOOKMARK [-1][-]{part.3}{\376\377\000E\000p\000i\000s\000o\000d\000i\000c\000\040\000P\000l\000a\000y}{}% 34
\BOOKMARK [0][-]{chapter.7}{\376\377\000E\000p\000i\000s\000o\000d\000i\000c\000\040\000S\000e\000t\000t\000i\000n\000g\000s}{part.3}% 35
\BOOKMARK [0][-]{chapter.8}{\376\377\000T\000h\000e\000\040\000G\000r\000a\000n\000d\000\040\000C\000a\000s\000e\000b\000o\000o\000k}{part.3}% 36
